c:\users\chuyenpc\desktop\mock caro\mock_chuyenlx\mock_project\debug\vc142.pdb
c:\users\chuyenpc\desktop\mock caro\mock_chuyenlx\mock_project\debug\vc142.idb
c:\users\chuyenpc\desktop\mock caro\mock_chuyenlx\mock_project\debug\winsocketclient.obj
c:\users\chuyenpc\desktop\mock caro\mock_chuyenlx\mock_project\debug\winsocket.obj
c:\users\chuyenpc\desktop\mock caro\mock_chuyenlx\mock_project\debug\user.obj
c:\users\chuyenpc\desktop\mock caro\mock_chuyenlx\mock_project\debug\testfileini.obj
c:\users\chuyenpc\desktop\mock caro\mock_chuyenlx\mock_project\debug\player.obj
c:\users\chuyenpc\desktop\mock caro\mock_chuyenlx\mock_project\debug\play.obj
c:\users\chuyenpc\desktop\mock caro\mock_chuyenlx\mock_project\debug\multilsockclient.obj
c:\users\chuyenpc\desktop\mock caro\mock_chuyenlx\mock_project\debug\controller.obj
c:\users\chuyenpc\desktop\mock caro\mock_chuyenlx\mock_project\debug\mock_project.obj
c:\users\chuyenpc\desktop\mock caro\mock_chuyenlx\mock_project\debug\interface.obj
c:\users\chuyenpc\desktop\mock caro\mock_chuyenlx\mock_project\debug\inifile.obj
c:\users\chuyenpc\desktop\mock caro\mock_chuyenlx\mock_project\debug\board.obj
c:\users\chuyenpc\desktop\mock caro\mock_chuyenlx\mock_project\debug\sockservermultilclient.obj
c:\users\chuyenpc\desktop\mock caro\mock_chuyenlx\mock_project\debug\mock_project.exe
c:\users\chuyenpc\desktop\mock caro\mock_chuyenlx\mock_project\debug\mock_project.ilk
c:\users\chuyenpc\desktop\mock caro\mock_chuyenlx\mock_project\debug\mock_project.pdb
c:\users\chuyenpc\desktop\mock caro\mock_chuyenlx\mock_project\debug\mock_project.tlog\cl.command.1.tlog
c:\users\chuyenpc\desktop\mock caro\mock_chuyenlx\mock_project\debug\mock_project.tlog\cl.read.1.tlog
c:\users\chuyenpc\desktop\mock caro\mock_chuyenlx\mock_project\debug\mock_project.tlog\cl.write.1.tlog
c:\users\chuyenpc\desktop\mock caro\mock_chuyenlx\mock_project\debug\mock_project.tlog\link.command.1.tlog
c:\users\chuyenpc\desktop\mock caro\mock_chuyenlx\mock_project\debug\mock_project.tlog\link.read.1.tlog
c:\users\chuyenpc\desktop\mock caro\mock_chuyenlx\mock_project\debug\mock_project.tlog\link.write.1.tlog
